Jan 19, 2014 10:55:55 AM Message.Email createLog
INFO: 
Nachricht erfolgreich versendet 
Absender : 
Empfaenger: 
Betreff: 
Anhang: 

Jan 19, 2014 10:55:57 AM Message.Email createLog
INFO: 
Nachricht erfolgreich versendet 
Absender : 
Empfaenger: 
Betreff: 
Anhang: 

Jan 19, 2014 11:34:25 AM Message.Email createLog
INFO: 
Nachricht erfolgreich versendet 
Absender : 
Empfaenger: 
Betreff: 
Anhang: 

Jan 19, 2014 11:52:02 AM Message.Email createLog
INFO: 
Nachricht erfolgreich versendet 
Absender : 
Empfaenger: 
Betreff: 
Anhang: 

Jan 19, 2014 11:59:09 AM Message.Email createLog
INFO: 
Nachricht erfolgreich versendet 
Absender : 
Empfaenger: 
Betreff: 
Anhang: 

Jan 19, 2014 11:59:57 AM Message.Email createLog
INFO: 
Nachricht erfolgreich versendet 
Absender : 
Empfaenger: 
Betreff: 
Anhang: 

Jan 19, 2014 12:00:31 PM Message.Email createLog
INFO: 
Nachricht erfolgreich versendet 
Absender : 
Empfaenger: hhh
Betreff: kkk
Anhang: 

Jan 19, 2014 12:03:30 PM Message.Email createLog
INFO: 
Nachricht erfolgreich versendet 
Absender : d
Empfaenger: d
Betreff: d
Anhang: 

Jan 19, 2014 12:04:31 PM Message.Email createLog
INFO: 
Nachricht erfolgreich versendet 
Absender : d
Empfaenger: d
Betreff: d
Anhang: 

Jan 19, 2014 12:07:19 PM Message.Email createLog
INFO: 
Nachricht erfolgreich versendet 
Absender : ss
Empfaenger: dxd
Betreff: ddd
Anhang: 

